<?xml version="1.0" encoding="UTF-8"?>
<!-- Generated by org.testng.reporters.JUnitXMLReporter -->
<testsuite ignored="0" hostname="Satheesh" failures="0" tests="3" name="Command line test" time="0.246" errors="0" timestamp="2025-04-02T21:55:52 EDT">
  <testcase classname="testng_practice.dataProviderEx" name="loginTest" time="0.082"/>
  <testcase classname="testng_practice.dataProviderEx" name="loginTest" time="0.002"/>
  <testcase classname="testng_practice.dataProviderEx" name="loginTest" time="0.002"/>
</testsuite> <!-- Command line test -->
