<?xml version="1.0" encoding="UTF-8"?>
<testng-results ignored="0" total="3" passed="3" failed="0" skipped="0">
  <reporter-output>
  </reporter-output>
  <suite started-at="2025-04-02T21:55:52 EDT" name="Command line suite" finished-at="2025-04-02T21:55:52 EDT" duration-ms="246">
    <groups>
    </groups>
    <test started-at="2025-04-02T21:55:52 EDT" name="Command line test" finished-at="2025-04-02T21:55:52 EDT" duration-ms="246">
      <class name="testng_practice.dataProviderEx">
        <test-method signature="loginTest(java.lang.String,java.lang.String)[pri:0, instance:testng_practice.dataProviderEx@50313382]" started-at="2025-04-02T21:55:52 EDT" name="loginTest" data-provider="loginData" finished-at="2025-04-02T21:55:52 EDT" duration-ms="82" status="PASS">
          <params>
            <param index="0">
              <value>
                <![CDATA[user1]]>
              </value>
            </param>
            <param index="1">
              <value>
                <![CDATA[pass1]]>
              </value>
            </param>
          </params>
          <reporter-output>
          </reporter-output>
        </test-method> <!-- loginTest -->
        <test-method signature="loginTest(java.lang.String,java.lang.String)[pri:0, instance:testng_practice.dataProviderEx@50313382]" started-at="2025-04-02T21:55:52 EDT" name="loginTest" data-provider="loginData" finished-at="2025-04-02T21:55:52 EDT" duration-ms="2" status="PASS">
          <params>
            <param index="0">
              <value>
                <![CDATA[user2]]>
              </value>
            </param>
            <param index="1">
              <value>
                <![CDATA[pass2]]>
              </value>
            </param>
          </params>
          <reporter-output>
          </reporter-output>
        </test-method> <!-- loginTest -->
        <test-method signature="loginTest(java.lang.String,java.lang.String)[pri:0, instance:testng_practice.dataProviderEx@50313382]" started-at="2025-04-02T21:55:52 EDT" name="loginTest" data-provider="loginData" finished-at="2025-04-02T21:55:52 EDT" duration-ms="2" status="PASS">
          <params>
            <param index="0">
              <value>
                <![CDATA[admin]]>
              </value>
            </param>
            <param index="1">
              <value>
                <![CDATA[admin123]]>
              </value>
            </param>
          </params>
          <reporter-output>
          </reporter-output>
        </test-method> <!-- loginTest -->
      </class> <!-- testng_practice.dataProviderEx -->
    </test> <!-- Command line test -->
  </suite> <!-- Command line suite -->
</testng-results>
